<?xml version="1.0" encoding="UTF-8"?>
<!-- Generated by org.testng.reporters.JUnitReportReporter -->
<testsuite hostname="SUDHIR-PC" failures="0" tests="2" name="A.Test_ng" time="33.541" errors="0" timestamp="2022-07-19T11:41:21 IST" skipped="0">
  <testcase classname="A.Test_ng" name="test1" time="13.321"/>
  <system-out/>
  <testcase classname="A.Test_ng" name="test2" time="20.220"/>
  <system-out/>
</testsuite> <!-- A.Test_ng -->
